2026-06-05 14:59:03, MOVE, v:1, k:ed@rotten, mode:DOWN
2026-06-05 14:59:04, MOVE, v:1, k:ed@rotten, mode:PICK
2026-06-05 14:59:03, MOVE, v:1, k:ed@rotten, mode:EDIT
2026-06-05 14:59:03, MOVE, v:1, k:ed@rotten, mode:EDIT
2026-06-05 14:59:03, MOVE, v:1, k:ed@rotten, mode:EDIT
2026-06-05 15:33:21, MOVE, v:1, k:ed@rotten, mode:BACK
2026-06-05 15:33:22, MOVE, v:1, k:ed@rotten, mode:PICK
2026-06-05 15:33:24, MOVE, v:1, k:ed@rotten, mode:BACK
2026-06-05 15:33:26, MOVE, v:1, k:ed@rotten, mode:PICK
2026-06-05 15:39:59, MOVE, v:1, k:ed@rotten, mode:BACK
2026-06-05 15:40:12, MOVE, v:1, k:ed@caminho, mode:DOWN
2026-06-05 15:40:13, MOVE, v:1, k:ed@caminho, mode:PICK
2026-06-05 15:40:12, MOVE, v:1, k:ed@caminho, mode:EDIT
2026-06-05 15:40:12, MOVE, v:1, k:ed@caminho, mode:EDIT
2026-06-05 15:40:12, MOVE, v:1, k:ed@caminho, mode:EDIT
2026-06-05 15:40:12, MOVE, v:1, k:ed@caminho, mode:EDIT
2026-06-05 17:33:52, MOVE, v:1, k:ed@caminho, mode:BACK
2026-06-05 21:12:58, MOVE, v:1, k:ed@serial, mode:PICK
2026-06-05 21:17:59, MOVE, v:1, k:ed@serial, mode:EDIT
2026-06-05 21:17:59, MOVE, v:1, k:ed@serial, mode:EDIT
2026-06-05 21:32:36, MOVE, v:1, k:ed@serial, mode:EDIT
2026-06-05 21:32:36, MOVE, v:1, k:ed@serial, mode:EDIT
2026-06-05 21:35:35, EXEC, v:1, k:ed@serial, mode:FULL, rate:100, size:78
2026-06-05 21:35:37, MOVE, v:1, k:ed@serial, mode:BACK
2026-06-05 21:36:02, SELF, v:1, k:ed@serial, self:1, rate:100, study:100, concept:1
2026-06-05 21:36:11, MOVE, v:1, k:ed@formatada, mode:PICK
2026-06-05 21:35:30, MOVE, v:1, k:ed@serial, mode:EDIT
2026-06-05 21:35:30, MOVE, v:1, k:ed@serial, mode:EDIT
2026-06-05 21:42:30, EXEC, v:1, k:ed@formatada, mode:FULL, rate:0, size:77
2026-06-05 21:42:24, MOVE, v:1, k:ed@formatada, mode:EDIT
2026-06-05 21:42:24, MOVE, v:1, k:ed@formatada, mode:EDIT
2026-06-05 22:17:39, MOVE, v:1, k:ed@formatada, mode:BACK
2026-06-05 22:18:20, MOVE, v:1, k:ed@formatada, mode:PICK
2026-06-05 22:27:49, EXEC, v:1, k:ed@formatada, mode:FULL, rate:14, size:95
2026-06-05 22:27:47, MOVE, v:1, k:ed@formatada, mode:EDIT
2026-06-05 22:27:47, MOVE, v:1, k:ed@formatada, mode:EDIT
2026-06-05 22:31:15, EXEC, v:1, k:ed@formatada, mode:FULL, rate:100, size:95
2026-06-05 22:31:18, MOVE, v:1, k:ed@formatada, mode:BACK
2026-06-05 22:31:41, SELF, v:1, k:ed@formatada, self:1, rate:100, study:60, debug:1
2026-06-05 22:32:04, MOVE, v:1, k:ed@caminho, mode:PICK
2026-06-05 22:31:12, MOVE, v:1, k:ed@formatada, mode:EDIT
2026-06-05 22:31:12, MOVE, v:1, k:ed@formatada, mode:EDIT
2026-06-05 22:35:41, MOVE, v:1, k:ed@caminho, mode:EDIT
2026-06-05 22:35:42, MOVE, v:1, k:ed@caminho, mode:EDIT
2026-06-05 23:00:08, MOVE, v:1, k:ed@caminho, mode:BACK
2026-06-05 23:01:17, MOVE, v:1, k:ed@balanceada, mode:DOWN
2026-06-05 23:01:18, MOVE, v:1, k:ed@balanceada, mode:PICK
2026-06-05 23:02:14, MOVE, v:1, k:ed@balanceada, mode:BACK
2026-06-05 23:02:16, MOVE, v:1, k:ed@balanceada, mode:PICK
2026-06-05 23:03:36, MOVE, v:1, k:ed@balanceada, mode:BACK
2026-06-05 23:04:27, MOVE, v:1, k:ed@editorint, mode:PICK
2026-06-05 23:01:17, MOVE, v:1, k:ed@balanceada, mode:EDIT
2026-06-05 23:01:17, MOVE, v:1, k:ed@balanceada, mode:EDIT
2026-06-05 23:03:34, MOVE, v:1, k:ed@balanceada, mode:EDIT
2026-06-05 23:03:34, MOVE, v:1, k:ed@balanceada, mode:EDIT
2026-06-05 23:09:15, EXEC, v:1, k:ed@editorint, mode:LOCK, rate:0, size:311
2026-06-05 23:09:20, MOVE, v:1, k:ed@editorint, mode:BACK
2026-06-05 23:09:23, MOVE, v:1, k:ed@editorint, mode:PICK
2026-06-05 23:09:26, EXEC, v:1, k:ed@editorint, mode:LOCK, rate:0
2026-06-05 23:09:30, EXEC, v:1, k:ed@editorint, mode:LOCK, rate:0
2026-06-05 23:09:30, MOVE, v:1, k:ed@editorint, mode:BACK
2026-06-05 23:09:32, MOVE, v:1, k:ed@editorint, mode:PICK
2026-06-05 23:07:22, MOVE, v:1, k:ed@editorint, mode:EDIT
2026-06-05 23:07:22, MOVE, v:1, k:ed@editorint, mode:EDIT
2026-06-05 23:08:55, MOVE, v:1, k:ed@editorint, mode:EDIT
2026-06-05 23:08:55, MOVE, v:1, k:ed@editorint, mode:EDIT
2026-06-05 23:11:28, EXEC, v:1, k:ed@editorint, mode:LOCK, rate:0
2026-06-05 23:11:30, MOVE, v:1, k:ed@editorint, mode:BACK
2026-06-05 23:11:39, MOVE, v:1, k:ed@editorint, mode:PICK
2026-06-05 23:11:43, EXEC, v:1, k:ed@editorint, mode:LOCK, rate:0
2026-06-05 23:11:46, MOVE, v:1, k:ed@editorint, mode:BACK
