2026-06-01 00:01:13, MOVE, v:1, k:ed@queimada, mode:BACK
2026-06-01 00:01:52, MOVE, v:1, k:ed@santo, mode:DOWN
2026-06-01 00:01:53, MOVE, v:1, k:ed@santo, mode:PICK
2026-06-01 00:02:36, MOVE, v:1, k:ed@santo, mode:BACK
2026-06-01 00:01:52, MOVE, v:1, k:ed@santo, mode:EDIT
2026-06-01 00:01:52, MOVE, v:1, k:ed@santo, mode:EDIT
2026-06-01 00:01:52, MOVE, v:1, k:ed@santo, mode:EDIT
2026-06-01 00:03:20, MOVE, v:1, k:ed@santo, mode:PICK
2026-06-01 00:06:39, MOVE, v:1, k:ed@santo, mode:EDIT
2026-06-01 00:06:39, MOVE, v:1, k:ed@santo, mode:EDIT
2026-06-01 00:10:58, EXEC, v:1, k:ed@santo, mode:FULL, rate:0, size:18
2026-06-01 00:11:01, MOVE, v:1, k:ed@santo, mode:BACK
2026-06-01 00:11:02, MOVE, v:1, k:ed@santo, mode:PICK
2026-06-01 00:11:03, EXEC, v:1, k:ed@santo, mode:FULL, rate:0
2026-06-01 00:11:25, EXEC, v:1, k:ed@santo, mode:FULL, rate:0, size:18
2026-06-01 00:12:04, EXEC, v:1, k:ed@santo, mode:FULL, size:18, fail:COMP
2026-06-01 00:12:02, MOVE, v:1, k:ed@santo, mode:EDIT
2026-06-01 00:12:02, MOVE, v:1, k:ed@santo, mode:EDIT
2026-06-01 00:13:33, EXEC, v:1, k:ed@santo, mode:FULL, rate:0, size:18
2026-06-01 00:15:35, EXEC, v:1, k:ed@santo, mode:FULL, rate:100, size:19
2026-06-01 00:15:37, MOVE, v:1, k:ed@santo, mode:BACK
2026-06-01 00:15:52, SELF, v:1, k:ed@santo, self:1, rate:100, study:10
2026-06-01 00:16:33, MOVE, v:1, k:ed@lista_d3, mode:PICK
2026-06-01 00:15:30, MOVE, v:1, k:ed@santo, mode:EDIT
2026-06-01 00:15:30, MOVE, v:1, k:ed@santo, mode:EDIT
2026-06-01 00:22:18, MOVE, v:1, k:ed@lista_d3, mode:EDIT
2026-06-01 00:22:18, MOVE, v:1, k:ed@lista_d3, mode:EDIT
2026-06-01 00:26:43, MOVE, v:1, k:ed@lista_d3, mode:EDIT
2026-06-01 00:26:43, MOVE, v:1, k:ed@lista_d3, mode:EDIT
2026-06-01 00:32:12, MOVE, v:1, k:ed@lista_d3, mode:EDIT
2026-06-01 00:32:12, MOVE, v:1, k:ed@lista_d3, mode:EDIT
2026-06-01 00:35:46, EXEC, v:1, k:ed@lista_d3, mode:FULL, rate:0, size:184
2026-06-01 00:37:18, MOVE, v:1, k:ed@lista_d3, mode:EDIT
2026-06-01 00:37:18, MOVE, v:1, k:ed@lista_d3, mode:EDIT
2026-06-01 00:38:18, MOVE, v:1, k:ed@lista_d3, mode:BACK
2026-06-01 00:38:48, MOVE, v:1, k:ed@lista_d3, mode:PICK
2026-06-01 00:44:55, MOVE, v:1, k:ed@lista_d3, mode:BACK
2026-06-01 08:12:47, MOVE, v:1, k:ed@lista_d3, mode:PICK
2026-06-01 08:31:43, EXEC, v:1, k:ed@lista_d3, mode:FULL, rate:0, size:185
2026-06-01 09:30:08, MOVE, v:1, k:ed@lista_d3, mode:BACK
2026-06-01 09:30:17, MOVE, v:1, k:ed@prin_list2, mode:PICK
2026-06-01 09:30:20, EXEC, v:1, k:ed@prin_list2, mode:FULL, rate:0, size:46
2026-06-01 17:21:04, MOVE, v:1, k:ed@controlz, mode:DOWN
2026-06-01 17:21:06, MOVE, v:1, k:ed@controlz, mode:PICK
2026-06-01 17:21:04, MOVE, v:1, k:ed@controlz, mode:EDIT
2026-06-01 17:21:04, MOVE, v:1, k:ed@controlz, mode:EDIT
2026-06-01 17:21:04, MOVE, v:1, k:ed@controlz, mode:EDIT
2026-06-01 17:30:54, MOVE, v:1, k:ed@controlz, mode:BACK
2026-06-01 17:30:55, MOVE, v:1, k:ed@controlz, mode:PICK
2026-06-01 17:53:16, MOVE, v:1, k:ed@controlz, mode:BACK
2026-06-01 17:53:38, MOVE, v:1, k:ed@controlz, mode:PICK
2026-06-01 18:06:38, MOVE, v:1, k:ed@controlz, mode:BACK
2026-06-01 18:06:43, MOVE, v:1, k:ed@controlz, mode:PICK
2026-06-01 18:40:57, MOVE, v:1, k:ed@controlz, mode:BACK
2026-06-01 18:41:54, MOVE, v:1, k:ed@controlz, mode:PICK
2026-06-01 19:22:44, MOVE, v:1, k:ed@controlz, mode:BACK
2026-06-01 19:45:48, MOVE, v:1, k:ed@distancia, mode:PICK
2026-06-01 19:45:49, MOVE, v:1, k:ed@distancia, mode:BACK
2026-06-01 19:46:10, MOVE, v:1, k:ed@pilhado, mode:DOWN
2026-06-01 19:46:11, MOVE, v:1, k:ed@pilhado, mode:PICK
2026-06-01 19:46:10, MOVE, v:1, k:ed@pilhado, mode:EDIT
2026-06-01 19:46:10, MOVE, v:1, k:ed@pilhado, mode:EDIT
2026-06-01 19:46:57, MOVE, v:1, k:ed@pilhado, mode:EDIT
2026-06-01 19:46:10, MOVE, v:1, k:ed@pilhado, mode:EDIT
2026-06-01 19:46:57, MOVE, v:1, k:ed@pilhado, mode:EDIT
2026-06-01 20:04:59, MOVE, v:1, k:ed@pilhado, mode:BACK
2026-06-01 23:04:28, MOVE, v:1, k:ed@cercado, mode:PICK
2026-06-01 23:05:18, EXEC, v:1, k:ed@cercado, mode:FULL, rate:33, size:47
2026-06-01 23:07:01, MOVE, v:1, k:ed@cercado, mode:EDIT
2026-06-01 23:07:01, MOVE, v:1, k:ed@cercado, mode:EDIT
2026-06-01 23:13:05, MOVE, v:1, k:ed@cercado, mode:EDIT
2026-06-01 23:13:05, MOVE, v:1, k:ed@cercado, mode:EDIT
2026-06-01 23:15:58, EXEC, v:1, k:ed@cercado, mode:FULL, rate:33, size:73
2026-06-01 23:16:54, EXEC, v:1, k:ed@cercado, mode:FULL, rate:33, size:73
2026-06-01 23:17:47, EXEC, v:1, k:ed@cercado, mode:FULL, rate:33, size:73
2026-06-01 23:17:43, MOVE, v:1, k:ed@cercado, mode:EDIT
2026-06-01 23:17:43, MOVE, v:1, k:ed@cercado, mode:EDIT
2026-06-01 23:19:59, EXEC, v:1, k:ed@cercado, mode:FULL, rate:33, size:73
2026-06-01 23:21:21, EXEC, v:1, k:ed@cercado, mode:FULL, rate:100, size:73
2026-06-01 23:21:27, MOVE, v:1, k:ed@cercado, mode:BACK
2026-06-01 23:22:08, SELF, v:1, k:ed@cercado, self:1, rate:100, study:90, concept:1, problem:1
2026-06-01 23:22:14, MOVE, v:1, k:ed@pintura, mode:PICK
2026-06-01 23:21:17, MOVE, v:1, k:ed@cercado, mode:EDIT
2026-06-01 23:21:17, MOVE, v:1, k:ed@cercado, mode:EDIT
2026-06-01 23:41:59, MOVE, v:1, k:ed@pintura, mode:BACK
2026-06-01 23:42:18, MOVE, v:1, k:ed@pintura, mode:PICK
2026-06-01 23:44:44, MOVE, v:1, k:ed@pintura, mode:BACK
2026-06-01 23:44:44, MOVE, v:1, k:ed@queimada, mode:EDIT
2026-06-01 23:44:44, MOVE, v:1, k:ed@queimada, mode:EDIT
2026-06-01 23:48:27, MOVE, v:1, k:ed@cercado, mode:EDIT
2026-06-01 23:48:27, MOVE, v:1, k:ed@cercado, mode:EDIT
2026-06-01 23:49:12, MOVE, v:1, k:ed@pintura, mode:PICK
2026-06-01 23:56:11, EXEC, v:1, k:ed@pintura, mode:FULL, rate:50, size:72
2026-06-01 23:57:49, EXEC, v:1, k:ed@pintura, mode:FULL, rate:100, size:76
2026-06-01 23:57:52, MOVE, v:1, k:ed@pintura, mode:BACK
2026-06-01 23:58:06, SELF, v:1, k:ed@pintura, self:1, rate:100, study:60
2026-06-01 23:58:09, MOVE, v:1, k:ed@longest, mode:PICK
2026-06-01 23:57:43, MOVE, v:1, k:ed@pintura, mode:EDIT
2026-06-01 23:57:43, MOVE, v:1, k:ed@pintura, mode:EDIT
