2026-05-23 22:38:46, MOVE, v:1, k:ed@prin_list1, mode:PICK
2026-05-23 22:38:53, MOVE, v:1, k:ed@prin_list1, mode:BACK
2026-05-23 22:41:06, MOVE, v:1, k:ed@prin_list1, mode:PICK
2026-05-23 22:41:08, MOVE, v:1, k:ed@prin_list1, mode:BACK
2026-05-23 22:41:58, MOVE, v:1, k:ed@prin_list1, mode:PICK
2026-05-23 22:42:04, MOVE, v:1, k:ed@prin_list1, mode:BACK
2026-05-23 22:42:06, MOVE, v:1, k:ed@prin_list1, mode:PICK
2026-05-23 23:06:11, MOVE, v:1, k:ed@prin_list1, mode:BACK
2026-05-23 23:08:58, MOVE, v:1, k:ed@prin_list1, mode:PICK
2026-05-23 23:09:01, EXEC, v:1, k:ed@prin_list1, mode:LOCK, rate:0
2026-05-23 23:09:40, EXEC, v:1, k:ed@prin_list1, mode:LOCK, rate:0
2026-05-23 23:10:10, MOVE, v:1, k:ed@prin_list1, mode:BACK
2026-05-23 23:10:13, MOVE, v:1, k:ed@lista_d2, mode:PICK
2026-05-23 23:10:17, EXEC, v:1, k:ed@lista_d2, mode:FULL, rate:60
2026-05-23 23:12:47, MOVE, v:1, k:ed@lista_d2, mode:PICK
2026-05-23 23:12:55, EXEC, v:1, k:ed@lista_d2, mode:FULL, rate:60, size:273
2026-05-23 23:19:50, MOVE, v:1, k:ed@lista_d2, mode:PICK
2026-05-23 23:23:06, EXEC, v:1, k:ed@lista_d2, mode:FULL, rate:80, size:270
2026-05-23 23:23:01, MOVE, v:1, k:ed@lista_d2, mode:EDIT
2026-05-23 23:23:01, MOVE, v:1, k:ed@lista_d2, mode:EDIT
2026-05-23 23:26:20, EXEC, v:1, k:ed@lista_d2, mode:FULL, rate:80, size:271
2026-05-23 23:27:51, EXEC, v:1, k:ed@lista_d2, mode:FULL, rate:80, size:271
2026-05-23 23:29:12, EXEC, v:1, k:ed@lista_d2, mode:FULL, rate:60, size:272
2026-05-23 23:29:09, MOVE, v:1, k:ed@lista_d2, mode:EDIT
2026-05-23 23:29:09, MOVE, v:1, k:ed@lista_d2, mode:EDIT
2026-05-23 23:34:11, EXEC, v:1, k:ed@lista_d2, mode:FULL, rate:100, size:272
2026-05-23 23:34:12, MOVE, v:1, k:ed@lista_d2, mode:BACK
2026-05-23 23:34:38, SELF, v:1, k:ed@lista_d2, self:1, rate:100, study:100
2026-05-23 23:34:05, MOVE, v:1, k:ed@lista_d2, mode:EDIT
2026-05-23 23:34:05, MOVE, v:1, k:ed@lista_d2, mode:EDIT
2026-05-23 23:35:02, MOVE, v:1, k:ed@prin_list1, mode:PICK
2026-05-23 23:35:05, EXEC, v:1, k:ed@prin_list1, mode:LOCK, rate:0
2026-05-23 23:35:06, MOVE, v:1, k:ed@prin_list1, mode:BACK
2026-05-23 23:35:10, MOVE, v:1, k:ed@editor, mode:PICK
2026-05-23 23:43:08, MOVE, v:1, k:ed@editor, mode:BACK
2026-05-23 23:43:10, MOVE, v:1, k:ed@editor, mode:PICK
2026-05-23 23:45:37, MOVE, v:1, k:ed@editor, mode:BACK
2026-05-23 23:45:40, MOVE, v:1, k:ed@editor, mode:PICK
