2026-03-13 09:09:31, MOVE, v:1, k:ed@pintando, mode:DOWN
2026-03-13 09:09:37, MOVE, v:1, k:ed@pintando, mode:PICK
2026-03-13 09:14:46, EXEC, v:1, k:ed@pintando, mode:FREE, size:15
2026-03-13 09:15:17, EXEC, v:1, k:ed@pintando, mode:FULL, rate:0
2026-03-13 09:15:38, EXEC, v:1, k:ed@pintando, mode:FREE, size:15
2026-03-13 09:17:33, EXEC, v:1, k:ed@pintando, mode:FULL, rate:0, size:15
2026-03-13 09:17:46, MOVE, v:1, k:ed@pintando, mode:BACK
2026-03-13 09:17:49, MOVE, v:1, k:ed@mumia, mode:DOWN
2026-03-13 09:17:53, MOVE, v:1, k:ed@mumia, mode:PICK
2026-03-13 09:17:57, EXEC, v:1, k:ed@mumia, mode:FULL, rate:0, size:5
2026-03-13 09:29:22, EXEC, v:1, k:ed@mumia, mode:FREE, size:22
2026-03-13 09:29:38, EXEC, v:1, k:ed@mumia, mode:FULL, rate:0
2026-03-13 09:30:17, EXEC, v:1, k:ed@mumia, mode:FULL, rate:100, size:22
2026-03-13 09:30:33, MOVE, v:1, k:ed@mumia, mode:BACK
2026-03-13 09:30:36, MOVE, v:1, k:ed@pintando, mode:PICK
2026-03-13 09:30:54, EXEC, v:1, k:ed@pintando, mode:FULL, rate:100, size:15
2026-03-13 09:31:04, MOVE, v:1, k:ed@pintando, mode:BACK
2026-03-13 09:31:06, MOVE, v:1, k:ed@fuga, mode:DOWN
2026-03-13 09:31:14, MOVE, v:1, k:ed@fuga, mode:PICK
2026-03-13 09:40:44, EXEC, v:1, k:ed@fuga, mode:FREE, size:26
2026-03-13 09:46:31, EXEC, v:1, k:ed@fuga, mode:FULL, rate:0, size:29
2026-03-13 09:47:31, EXEC, v:1, k:ed@fuga, mode:FULL, rate:100, size:29
2026-03-13 09:47:38, MOVE, v:1, k:ed@fuga, mode:BACK
2026-03-13 09:47:44, MOVE, v:1, k:ed@pedra, mode:DOWN
2026-03-13 10:50:01, MOVE, v:1, k:ed@pedra, mode:PICK
2026-03-13 10:57:35, EXEC, v:1, k:ed@pedra, mode:FREE, size:39
2026-03-13 11:02:54, EXEC, v:1, k:ed@pedra, mode:FULL, rate:16, size:44
2026-03-13 11:03:22, EXEC, v:1, k:ed@pedra, mode:FULL, rate:25, size:44
2026-03-13 11:03:59, MOVE, v:1, k:ed@pedra, mode:BACK
2026-03-13 11:05:50, MOVE, v:1, k:ed@pedra, mode:PICK
2026-03-13 11:05:55, EXEC, v:1, k:ed@pedra, mode:FULL, rate:100, size:45
2026-03-13 11:06:06, MOVE, v:1, k:ed@pedra, mode:BACK
2026-03-13 11:06:09, MOVE, v:1, k:ed@casais, mode:DOWN
2026-03-13 11:10:38, MOVE, v:1, k:ed@casais, mode:PICK
2026-03-13 11:15:13, MOVE, v:1, k:ed@casais, mode:BACK
2026-03-13 11:17:30, MOVE, v:1, k:ed@fuga, mode:PICK
2026-03-13 11:17:32, MOVE, v:1, k:ed@fuga, mode:BACK
2026-03-13 14:07:04, MOVE, v:1, k:ed@casais, mode:PICK
2026-03-13 14:07:10, EXEC, v:1, k:ed@casais, mode:FREE, size:26
2026-03-13 14:07:59, EXEC, v:1, k:ed@casais, mode:FULL, rate:100, size:26
2026-03-13 14:08:07, MOVE, v:1, k:ed@casais, mode:BACK
2026-03-13 14:08:09, MOVE, v:1, k:ed@baruel, mode:DOWN
2026-03-13 14:12:56, MOVE, v:1, k:ed@baruel, mode:PICK
2026-03-13 14:19:33, MOVE, v:1, k:ed@baruel, mode:BACK
2026-03-13 14:22:52, MOVE, v:1, k:ed@baruel, mode:PICK
2026-03-13 14:22:53, EXEC, v:1, k:ed@baruel, mode:FREE, size:36
2026-03-13 14:26:44, MOVE, v:1, k:ed@baruel, mode:BACK
2026-03-13 18:30:07, MOVE, v:1, k:ed@baruel, mode:PICK
2026-03-13 18:30:08, EXEC, v:1, k:ed@baruel, mode:FREE, size:40
2026-03-13 18:40:05, MOVE, v:1, k:ed@baruel, mode:BACK
2026-03-13 18:45:04, MOVE, v:1, k:ed@baruel, mode:PICK
2026-03-13 18:45:05, EXEC, v:1, k:ed@baruel, mode:FREE, size:64
2026-03-13 18:47:59, EXEC, v:1, k:ed@baruel, mode:FULL, rate:75, size:64
2026-03-13 18:50:30, EXEC, v:1, k:ed@baruel, mode:FULL, rate:100, size:64
2026-03-13 18:50:37, MOVE, v:1, k:ed@baruel, mode:BACK
2026-03-13 18:50:40, MOVE, v:1, k:ed@gomos, mode:DOWN
2026-03-13 18:54:22, MOVE, v:1, k:ed@gomos, mode:PICK
2026-03-13 19:17:18, EXEC, v:1, k:ed@gomos, mode:FREE, size:37
2026-03-13 19:20:29, EXEC, v:1, k:ed@gomos, mode:FULL, rate:0, size:45
2026-03-13 19:21:18, EXEC, v:1, k:ed@gomos, mode:FREE, size:44
2026-03-13 19:29:34, EXEC, v:1, k:ed@gomos, mode:FULL, rate:0, size:44
2026-03-13 19:31:57, EXEC, v:1, k:ed@gomos, mode:FULL, rate:0, size:50
2026-03-13 19:33:45, EXEC, v:1, k:ed@gomos, mode:FULL, size:47, fail:COMP
2026-03-13 19:34:05, EXEC, v:1, k:ed@gomos, mode:FULL, fail:COMP
2026-03-13 19:34:41, EXEC, v:1, k:ed@gomos, mode:FULL, rate:0, size:47
2026-03-13 19:37:27, EXEC, v:1, k:ed@gomos, mode:FULL, rate:100, size:47
2026-03-13 19:37:49, MOVE, v:1, k:ed@gomos, mode:BACK
