2026-06-03 02:00:05, MOVE, v:1, k:ed@editorint, mode:PICK
2026-06-03 02:00:41, EXEC, v:1, k:ed@editorint, mode:FULL, size:335, fail:COMP
2026-06-03 02:08:06, MOVE, v:1, k:ed@queimando, mode:PICK
2026-06-03 02:14:42, MOVE, v:1, k:ed@queimando, mode:EDIT
2026-06-03 02:14:42, MOVE, v:1, k:ed@queimando, mode:EDIT
2026-06-03 02:28:31, MOVE, v:1, k:ed@queimando, mode:EDIT
2026-06-03 02:28:31, MOVE, v:1, k:ed@queimando, mode:EDIT
2026-06-03 02:29:33, EXEC, v:1, k:ed@queimando, mode:FULL, rate:20, size:95
2026-06-03 02:29:48, EXEC, v:1, k:ed@queimando, mode:FULL, rate:20, size:95
2026-06-03 02:33:43, EXEC, v:1, k:ed@queimando, mode:FULL, rate:20, size:95
2026-06-03 02:33:38, MOVE, v:1, k:ed@queimando, mode:EDIT
2026-06-03 02:33:38, MOVE, v:1, k:ed@queimando, mode:EDIT
2026-06-03 02:35:00, EXEC, v:1, k:ed@queimando, mode:FULL, rate:20, size:95
2026-06-03 02:34:56, MOVE, v:1, k:ed@queimando, mode:EDIT
2026-06-03 02:34:56, MOVE, v:1, k:ed@queimando, mode:EDIT
2026-06-03 02:39:10, EXEC, v:1, k:ed@queimando, mode:FULL, rate:100, size:95
2026-06-03 02:39:14, MOVE, v:1, k:ed@queimando, mode:BACK
2026-06-03 02:39:40, SELF, v:1, k:ed@queimando, self:1, rate:100, study:60, concept:1, problem:1
2026-06-03 02:40:00, MOVE, v:1, k:ed@permutacoes, mode:DOWN
2026-06-03 02:40:01, MOVE, v:1, k:ed@permutacoes, mode:PICK
2026-06-03 02:42:54, MOVE, v:1, k:ed@permutacoes, mode:BACK
2026-06-03 02:43:03, MOVE, v:1, k:ed@distancia, mode:PICK
2026-06-03 02:43:12, MOVE, v:1, k:ed@distancia, mode:BACK
2026-06-03 02:43:22, MOVE, v:1, k:ed@distancia, mode:PICK
2026-06-03 02:39:06, MOVE, v:1, k:ed@queimando, mode:EDIT
2026-06-03 02:39:06, MOVE, v:1, k:ed@queimando, mode:EDIT
2026-06-03 02:39:59, MOVE, v:1, k:ed@permutacoes, mode:EDIT
2026-06-03 02:39:59, MOVE, v:1, k:ed@permutacoes, mode:EDIT
2026-06-03 02:40:00, MOVE, v:1, k:ed@permutacoes, mode:EDIT
