2026-05-20 10:20:39, MOVE, v:1, k:ed@dfs_read, mode:DOWN
2026-05-20 10:20:40, MOVE, v:1, k:ed@dfs_read, mode:PICK
2026-05-20 10:21:19, MOVE, v:1, k:ed@dfs_read, mode:BACK
2026-05-20 10:21:22, MOVE, v:1, k:ed@ilhas, mode:DOWN
2026-05-20 10:21:23, MOVE, v:1, k:ed@ilhas, mode:PICK
2026-05-20 10:35:25, EXEC, v:1, k:ed@ilhas, mode:FULL, rate:0, size:51
2026-05-20 10:35:51, EXEC, v:1, k:ed@ilhas, mode:FULL, rate:100, size:52
2026-05-20 10:35:57, MOVE, v:1, k:ed@ilhas, mode:BACK
2026-05-20 10:36:14, SELF, v:1, k:ed@ilhas, self:1, rate:100, study:20
2026-05-20 10:37:49, MOVE, v:1, k:ed@cercado, mode:DOWN
2026-05-20 10:37:51, MOVE, v:1, k:ed@cercado, mode:PICK
2026-05-20 10:41:43, MOVE, v:1, k:ed@cercado, mode:BACK
2026-05-20 10:44:37, MOVE, v:1, k:ed@cercado, mode:PICK
2026-05-20 10:44:40, EXEC, v:1, k:ed@cercado, mode:FULL, rate:0, size:48
2026-05-20 10:45:30, EXEC, v:1, k:ed@cercado, mode:FULL, rate:33, size:47
2026-05-20 10:52:43, MOVE, v:1, k:ed@cercado, mode:BACK
2026-05-20 10:52:58, MOVE, v:1, k:ed@distancia, mode:PICK
2026-05-20 10:57:48, EXEC, v:1, k:ed@distancia, mode:FULL, rate:14
2026-05-20 11:34:25, MOVE, v:1, k:ed@distancia, mode:BACK
2026-05-20 11:35:20, MOVE, v:1, k:ed@lista_d2, mode:PICK
2026-05-20 11:35:57, EXEC, v:1, k:ed@lista_d2, mode:FULL, rate:80
2026-05-20 11:40:51, EXEC, v:1, k:ed@lista_d2, mode:FULL, rate:60, size:273
2026-05-20 11:41:26, EXEC, v:1, k:ed@lista_d2, mode:FULL, rate:60, size:273
2026-05-20 13:47:50, MOVE, v:1, k:ed@lista_d2, mode:PICK
2026-05-20 13:47:55, EXEC, v:1, k:ed@lista_d2, mode:FULL, rate:60
2026-05-20 13:48:02, MOVE, v:1, k:ed@lista_d2, mode:BACK
2026-05-20 13:48:13, MOVE, v:1, k:ed@prin_list1, mode:PICK
2026-05-20 23:17:34, MOVE, v:1, k:ed@lista_d4, mode:PICK
2026-05-20 23:33:05, EXEC, v:1, k:ed@lista_d4, mode:FULL, rate:0, size:155
2026-05-20 23:35:28, EXEC, v:1, k:ed@lista_d4, mode:FULL, rate:100, size:155
2026-05-20 23:35:34, MOVE, v:1, k:ed@lista_d4, mode:BACK
2026-05-20 23:35:47, SELF, v:1, k:ed@lista_d4, self:1, rate:100, study:60, refactor:1
2026-05-20 23:35:50, MOVE, v:1, k:ed@prin_list1, mode:PICK
2026-05-20 23:35:58, MOVE, v:1, k:ed@prin_list1, mode:BACK
2026-05-20 23:36:01, MOVE, v:1, k:ed@prin_list1, mode:PICK
2026-05-20 23:37:37, EXEC, v:1, k:ed@prin_list1, mode:FULL, fail:COMP
2026-05-20 23:37:45, EXEC, v:1, k:ed@prin_list1, mode:LOCK, rate:0, size:171
2026-05-20 23:37:52, MOVE, v:1, k:ed@prin_list1, mode:BACK
2026-05-20 23:37:55, MOVE, v:1, k:ed@prin_list1, mode:PICK
2026-05-20 23:37:56, EXEC, v:1, k:ed@prin_list1, mode:LOCK, rate:0
2026-05-20 23:37:56, MOVE, v:1, k:ed@prin_list1, mode:BACK
2026-05-20 23:38:05, MOVE, v:1, k:ed@editor, mode:PICK
2026-05-20 23:38:14, MOVE, v:1, k:ed@editor, mode:BACK
2026-05-20 23:40:00, MOVE, v:1, k:ed@lista_d1, mode:DOWN
2026-05-20 23:40:16, MOVE, v:1, k:ed@editor, mode:PICK
2026-05-20 23:46:25, MOVE, v:1, k:ed@editor, mode:BACK
